Arguments: 
  C:\Program Files\nodejs\node.exe C:\Program Files (x86)\Yarn\bin\yarn.js add react-native-material-bottom-navigation

PATH: 
  C:\Users\jaydeep\bin;C:\Program Files\Git\mingw64\bin;C:\Program Files\Git\usr\local\bin;C:\Program Files\Git\usr\bin;C:\Program Files\Git\usr\bin;C:\Program Files\Git\mingw64\bin;C:\Program Files\Git\usr\bin;C:\Users\jaydeep\bin;C:\Program Files (x86)\Common Files\Oracle\Java\javapath;C:\mingw\bin;C:\mingw\libexec\gcc\i686-pc-mingw32\7.0.1;C:\ProgramData\Oracle\Java\javapath;C:\MinGW\libexec\gcc\x86_64-w64-mingw32\8.1.0;C:\Users\jaydeep\gcc\bin;C:\Users\jaydeep\gcc\libexec\gcc\x86_64-w64-mingw32\8.1.0;C:\Program Files (x86)\NVIDIA Corporation\PhysX\Common;C:\WINDOWS\system32;C:\WINDOWS;C:\WINDOWS\System32\Wbem;C:\WINDOWS\System32\WindowsPowerShell\v1.0;C:\Program Files (x86)\Intel\OpenCL SDK\3.0\bin\x86;C:\Program Files (x86)\Intel\OpenCL SDK\3.0\bin\x64;C:\Program Files\Java\jdk-11\bin;C:\Program Files\Java\jre-10.0.2\bin;C:\Program Files\nodejs;C:\Program Files\Git\cmd;C:\Program Files (x86)\Yarn\bin;C:\Users\jaydeep\.dnx\bin;C:\Program Files (x86)\SSH Communications Security\SSH Secure Shell;C:\Users\jaydeep\AppData\Local\Programs\Microsoft VS Code\bin;C:\Users\jaydeep\AppData\Roaming\npm;C:\Users\jaydeep\AppData\Local\Yarn\bin;C:\Program Files\Git\usr\bin\vendor_perl;C:\Program Files\Git\usr\bin\core_perl

Yarn version: 
  1.22.4

Node version: 
  12.18.3

Platform: 
  win32 x64

Trace: 
  Error: EPERM: operation not permitted, unlink 'C:\Users\jaydeep\Desktop\myProject\node_modules\@babel\core\node_modules\json5\dist'

npm manifest: 
  {
    "main": "node_modules/expo/AppEntry.js",
    "scripts": {
      "start": "expo start",
      "android": "expo start --android",
      "ios": "expo start --ios",
      "web": "expo start --web",
      "eject": "expo eject"
    },
    "dependencies": {
      "@react-native-community/masked-view": "^0.1.10",
      "@react-navigation/native": "^5.7.3",
      "@react-navigation/stack": "^5.9.0",
      "expo": "^38.0.9",
      "expo-status-bar": "^1.0.2",
      "react": "~16.11.0",
      "react-dom": "~16.11.0",
      "react-native": "https://github.com/expo/react-native/archive/sdk-38.0.2.tar.gz",
      "react-native-elements": "^2.2.1",
      "react-native-gesture-handler": "^1.6.1",
      "react-native-normalize": "^1.0.1",
      "react-native-reanimated": "^1.9.0",
      "react-native-responsive-screen": "^1.4.1",
      "react-native-safe-area-context": "^3.0.7",
      "react-native-screens": "^2.9.0",
      "react-native-svg": "12.1.0",
      "react-native-vector-icons": "^7.0.0",
      "react-native-web": "~0.11.7",
      "react-navigation": "^4.4.0",
      "react-navigation-stack": "^2.8.2",
      "react-navigation-tabs": "^2.9.0",
      "rn-content-loader": "0.0.6",
      "yarn": "^1.22.4"
    },
    "devDependencies": {
      "@babel/core": "^7.8.6",
      "babel-preset-expo": "~8.1.0"
    },
    "private": true
  }

yarn manifest: 
  No manifest

Lockfile: 
  No lockfile
